<?xml version="1.0" encoding="UTF-8"?>
<!-- Generated by org.testng.reporters.JUnitXMLReporter -->
<testsuite ignored="8" hostname="Aspire7" failures="2" tests="5" name="Test" time="28.42" errors="0" timestamp="2023-02-19T11:51:27 IST">
  <testcase classname="com.sauceDemo.TestClasses.TC01_VerifyLoginFunctionality" name="verifyLoginFunctionality" time="0.021"/>
  <testcase classname="com.sauceDemo.TestClasses.TC02_VerifyLogoutFunctionality" name="verifyLogoutFunctionality" time="0.007"/>
  <testcase classname="com.sauceDemo.TestClasses.TC03_VerifyAllProductsCanBeAddedToCart" name="verifyAllProductsCanBeAddedToCart" time="11.077">
    <failure type="java.lang.AssertionError" message="expected [6] but found [5]">
      <![CDATA[java.lang.AssertionError: expected [6] but found [5]
at com.sauceDemo.TestClasses.TC03_VerifyAllProductsCanBeAddedToCart.verifyAllProductsCanBeAddedToCart(TC03_VerifyAllProductsCanBeAddedToCart.java:26)
at java.base/java.util.ArrayList.forEach(ArrayList.java:1511)
... Removed 31 stack frames]]>
    </failure>
  </testcase> <!-- verifyAllProductsCanBeAddedToCart -->
  <testcase classname="com.sauceDemo.TestClasses.TC04_VerifyTheFliterFunctionality" name="verifyTheFliterFunctionality" time="0.282">
    <failure type="java.lang.AssertionError" message="expected [] but found [Name (A to Z)
Name (Z to A)
Price (low to high)
Price (high to low)]">
      <![CDATA[java.lang.AssertionError: expected [] but found [Name (A to Z)
Name (Z to A)
Price (low to high)
Price (high to low)]
at com.sauceDemo.TestClasses.TC04_VerifyTheFliterFunctionality.verifyTheFliterFunctionality(TC04_VerifyTheFliterFunctionality.java:26)
at java.base/java.util.ArrayList.forEach(ArrayList.java:1511)
... Removed 31 stack frames]]>
    </failure>
  </testcase> <!-- verifyTheFliterFunctionality -->
  <testcase classname="com.sauceDemo.TestClasses.TC05_VerifyProductCanBeSelectedAndMovedToCheckout" name="verifyProductCanBeSelectedAndMovedToCheckout" time="2.244"/>
  <testcase classname="com.sauceDemo.UtilityClasses.ExtentReport" name="@BeforeSuite beforeSuite" time="0.0">
    <ignored/>
  </testcase> <!-- @BeforeSuite beforeSuite -->
  <testcase classname="com.sauceDemo.UtilityClasses.ExtentReport" name="@BeforeSuite beforeSuite" time="0.0">
    <ignored/>
  </testcase> <!-- @BeforeSuite beforeSuite -->
  <testcase classname="com.sauceDemo.UtilityClasses.ExtentReport" name="@BeforeSuite beforeSuite" time="0.0">
    <ignored/>
  </testcase> <!-- @BeforeSuite beforeSuite -->
  <testcase classname="com.sauceDemo.UtilityClasses.ExtentReport" name="@BeforeSuite beforeSuite" time="0.0">
    <ignored/>
  </testcase> <!-- @BeforeSuite beforeSuite -->
  <testcase classname="com.sauceDemo.UtilityClasses.ExtentReport" name="@AfterSuite afterSuit" time="0.0">
    <ignored/>
  </testcase> <!-- @AfterSuite afterSuit -->
  <testcase classname="com.sauceDemo.UtilityClasses.ExtentReport" name="@AfterSuite afterSuit" time="0.0">
    <ignored/>
  </testcase> <!-- @AfterSuite afterSuit -->
  <testcase classname="com.sauceDemo.UtilityClasses.ExtentReport" name="@AfterSuite afterSuit" time="0.0">
    <ignored/>
  </testcase> <!-- @AfterSuite afterSuit -->
  <testcase classname="com.sauceDemo.UtilityClasses.ExtentReport" name="@AfterSuite afterSuit" time="0.0">
    <ignored/>
  </testcase> <!-- @AfterSuite afterSuit -->
</testsuite> <!-- Test -->
